2022-03-08 23:14 [33m[restartedMain][0;39m [34mINFO [0;39m com.bfs.aop.AopApplication:55- Starting AopApplication using Java 1.8.0_202 on DESKTOP-0ANP6PB with PID 20368 (D:\Testing\AOP\target\classes started by micha in D:\Testing\AOP)
2022-03-08 23:14 [33m[restartedMain][0;39m [34mINFO [0;39m com.bfs.aop.AopApplication:640- No active profile set, falling back to 1 default profile: "default"
2022-03-08 23:14 [33m[restartedMain][0;39m [34mINFO [0;39m o.s.b.d.e.DevToolsPropertyDefaultsPostProcessor:255- Devtools property defaults active! Set 'spring.devtools.add-properties' to 'false' to disable
2022-03-08 23:14 [33m[restartedMain][0;39m [34mINFO [0;39m o.s.b.d.e.DevToolsPropertyDefaultsPostProcessor:255- For additional web related logging consider setting the 'logging.level.web' property to 'DEBUG'
2022-03-08 23:14 [33m[restartedMain][0;39m [34mINFO [0;39m o.s.b.w.e.t.TomcatWebServer:108- Tomcat initialized with port(s): 8080 (http)
2022-03-08 23:14 [33m[restartedMain][0;39m [34mINFO [0;39m o.a.c.http11.Http11NioProtocol:173- Initializing ProtocolHandler ["http-nio-8080"]
2022-03-08 23:14 [33m[restartedMain][0;39m [34mINFO [0;39m o.a.c.core.StandardService:173- Starting service [Tomcat]
2022-03-08 23:14 [33m[restartedMain][0;39m [34mINFO [0;39m o.a.c.core.StandardEngine:173- Starting Servlet engine: [Apache Tomcat/9.0.58]
2022-03-08 23:14 [33m[restartedMain][0;39m [34mINFO [0;39m o.a.c.c.C.[.[localhost].[/]:173- Initializing Spring embedded WebApplicationContext
2022-03-08 23:14 [33m[restartedMain][0;39m [34mINFO [0;39m o.s.b.w.s.c.ServletWebServerApplicationContext:290- Root WebApplicationContext: initialization completed in 1137 ms
2022-03-08 23:14 [33m[restartedMain][0;39m [34mINFO [0;39m o.s.b.d.a.OptionalLiveReloadServer:58- LiveReload server is running on port 35729
2022-03-08 23:14 [33m[restartedMain][0;39m [34mINFO [0;39m o.a.c.http11.Http11NioProtocol:173- Starting ProtocolHandler ["http-nio-8080"]
2022-03-08 23:14 [33m[restartedMain][0;39m [34mINFO [0;39m o.s.b.w.e.t.TomcatWebServer:220- Tomcat started on port(s): 8080 (http) with context path ''
2022-03-08 23:14 [33m[restartedMain][0;39m [34mINFO [0;39m com.bfs.aop.AopApplication:61- Started AopApplication in 2.131 seconds (JVM running for 2.873)
2022-03-08 23:15 [33m[http-nio-8080-exec-1][0;39m [34mINFO [0;39m o.a.c.c.C.[.[localhost].[/]:173- Initializing Spring DispatcherServlet 'dispatcherServlet'
2022-03-08 23:15 [33m[http-nio-8080-exec-1][0;39m [34mINFO [0;39m o.s.w.s.DispatcherServlet:525- Initializing Servlet 'dispatcherServlet'
2022-03-08 23:15 [33m[http-nio-8080-exec-1][0;39m [34mINFO [0;39m o.s.w.s.DispatcherServlet:547- Completed initialization in 0 ms
2022-03-08 23:15 [33m[http-nio-8080-exec-1][0;39m [34mINFO [0;39m com.bfs.aop.aop.LoggingAspect:18- Data Access Layer Before Advice
2022-03-08 23:15 [33m[http-nio-8080-exec-1][0;39m [34mINFO [0;39m com.bfs.aop.aop.LoggingAspect:19- String com.bfs.aop.dao.TestDao.test()
2022-03-08 23:15 [33m[http-nio-8080-exec-1][0;39m [34mINFO [0;39m com.bfs.aop.dao.TestDao:34- Dao info
2022-03-08 23:15 [33m[http-nio-8080-exec-1][0;39m [31mWARN [0;39m com.bfs.aop.dao.TestDao:35- Dao warn
2022-03-08 23:15 [33m[http-nio-8080-exec-1][0;39m [1;31mERROR[0;39m com.bfs.aop.dao.TestDao:36- Dao error
2022-03-08 23:15 [33m[http-nio-8080-exec-1][0;39m [34mINFO [0;39m com.bfs.aop.aop.LoggingAspect:43- Data Access After Returning Advice 
2022-03-08 23:15 [33m[http-nio-8080-exec-1][0;39m [34mINFO [0;39m com.bfs.aop.aop.LoggingAspect:44- The return age is Data From DAO Layer
2022-03-08 23:15 [33m[http-nio-8080-exec-1][0;39m [34mINFO [0;39m com.bfs.aop.aop.LoggingAspect:36- Data Access Layer After Advice
2022-03-08 23:15 [33m[http-nio-8080-exec-1][0;39m [34mINFO [0;39m com.bfs.aop.aop.LoggingAspect:37- String com.bfs.aop.dao.TestDao.test()
2022-03-08 23:15 [33m[http-nio-8080-exec-1][0;39m [34mINFO [0;39m com.bfs.aop.aop.LoggingAspect:28- The DAO layer execution time is : 13 ms
2022-03-08 23:15 [33m[http-nio-8080-exec-1][0;39m [34mINFO [0;39m com.bfs.aop.aop.LoggingAspect:29- return age: Data From DAO Layer
2022-03-08 23:20 [33m[http-nio-8080-exec-4][0;39m [34mINFO [0;39m com.bfs.aop.aop.LoggingAspect:18- Data Access Layer Before Advice
2022-03-08 23:20 [33m[http-nio-8080-exec-4][0;39m [34mINFO [0;39m com.bfs.aop.aop.LoggingAspect:19- Integer com.bfs.aop.dao.TestDao.testAge(Integer)
2022-03-08 23:20 [33m[http-nio-8080-exec-4][0;39m [1;31mERROR[0;39m com.bfs.aop.dao.TestDao:45- Age should be a positive number
2022-03-08 23:20 [33m[http-nio-8080-exec-4][0;39m [34mINFO [0;39m com.bfs.aop.aop.LoggingAspect:49- Data Access After Throwing 
2022-03-08 23:20 [33m[http-nio-8080-exec-4][0;39m [1;31mERROR[0;39m com.bfs.aop.aop.LoggingAspect:50- com.bfs.aop.exception.MyExceptionHandler$AgeIllegalArgumentException: Age should be a positive number
2022-03-08 23:20 [33m[http-nio-8080-exec-4][0;39m [34mINFO [0;39m com.bfs.aop.aop.LoggingAspect:36- Data Access Layer After Advice
2022-03-08 23:20 [33m[http-nio-8080-exec-4][0;39m [34mINFO [0;39m com.bfs.aop.aop.LoggingAspect:37- Integer com.bfs.aop.dao.TestDao.testAge(Integer)
2022-03-08 23:20 [33m[http-nio-8080-exec-4][0;39m [31mWARN [0;39m o.s.w.s.m.m.a.ExceptionHandlerExceptionResolver:208- Resolved [com.bfs.aop.exception.MyExceptionHandler$AgeIllegalArgumentException: Age should be a positive number]
